[    1794ms] Error: Hydration failed because the server rendered HTML didn't match the client. As a result this tree will be regenerated on the client. This can happen if a SSR-ed Client Component used:

- A server/client branch `if (typeof window !== 'undefined')`.
- Variable input such as `Date.now()` or `Math.random()` which changes each time it's called.
- Date formatting in a user's locale which doesn't match the server.
- External changing data without sending a snapshot of it along with the HTML.
- Invalid HTML tag nesting.

It can also happen if the client has a browser extension installed which messes with the HTML before React loaded.

https://react.dev/link/hydration-mismatch

  ...
    <LoadingBoundary name="student-1-..." loading={null}>
      <HTTPAccessFallbackBoundary notFound={undefined} forbidden={undefined} unauthorized={undefined}>
        <RedirectBoundary>
          <RedirectErrorBoundary router={{...}}>
            <InnerLayoutRouter url={"/dashboa..."} tree={[...]} params={{...}} cacheNode={{rsc:<Fragment>, ...}} ...>
              <SegmentViewNode type="page" pagePath="dashboard/...">
                <SegmentTrieNode>
                <ParentApplicationPage>
                  <ParentApplicationDetailView>
                    <div className="dashboard-...">
                      <div className="mx-auto ma...">
                        <section className="brand-head...">
                          <div>
                          <div>
                          <div className="mt-7">
                            <div>
                            <div className="mt-4 grid ...">
                              <LinkComponent>
                                <LinkComponent href={"/dashboa..."} className="group roun...">
+                                 <a
+                                   className="group rounded-[28px] border p-4 transition-transform duration-200 hover..."
+                                   ref={function}
+                                   onClick={function onClick}
+                                   onMouseEnter={function onMouseEnter}
+                                   onTouchStart={function onTouchStart}
+                                   href={"/dashboard/parent/applications/student-1-aisha-rahma?parentName=Siti+Rahma..."}
+                                 >
-                                 <div className="flex items-center justify-between gap-3">
                              ...
                        ...
              ...
            ...

    at throwOnHydrationMismatch (http://localhost:3000/_next/static/chunks/node_modules_next_dist_compiled_react-dom_1e674e59._.js:3348:56)
    at beginWork (http://localhost:3000/_next/static/chunks/node_modules_next_dist_compiled_react-dom_1e674e59._.js:6775:918)
    at replayBeginWork (http://localhost:3000/_next/static/chunks/node_modules_next_dist_compiled_react-dom_1e674e59._.js:9585:156)
    at runWithFiberInDEV (http://localhost:3000/_next/static/chunks/node_modules_next_dist_compiled_react-dom_1e674e59._.js:965:74)
    at replaySuspendedUnitOfWork (http://localhost:3000/_next/static/chunks/node_modules_next_dist_compiled_react-dom_1e674e59._.js:9567:20)
    at renderRootConcurrent (http://localhost:3000/_next/static/chunks/node_modules_next_dist_compiled_react-dom_1e674e59._.js:9500:141)
    at performWorkOnRoot (http://localhost:3000/_next/static/chunks/node_modules_next_dist_compiled_react-dom_1e674e59._.js:9068:150)
    at performWorkOnRootViaSchedulerTask (http://localhost:3000/_next/static/chunks/node_modules_next_dist_compiled_react-dom_1e674e59._.js:10230:9)
    at MessagePort.performWorkUntilDeadline (http://localhost:3000/_next/static/chunks/node_modules_next_dist_compiled_a0e4c7b4._.js:2647:64)
